panic: unreachable

goroutine 22 [running]:
github.com/nsf/termbox-go.extract_event(0x820466280, 0x1, 0x40, 0x8204dad48, 0x8204dae00)
	/Users/Andy/Documents/Go/src/github.com/nsf/termbox-go/termbox.go:372 +0x1c0
github.com/nsf/termbox-go.PollEvent(0x0, 0x0, 0x0, 0x0, 0x0, 0x0, 0x0, 0x0)
	/Users/Andy/Documents/Go/src/github.com/nsf/termbox-go/api.go:329 +0x482
main.termbox_listener(0x820468300)
	/Users/Andy/Documents/Go/src/github.com/ferbivore/luabox/api.go:241 +0x1f0
created by main.main
	/Users/Andy/Documents/Go/src/github.com/ferbivore/luabox/main.go:43 +0x388

goroutine 1 [chan receive]:
main.main()
	/Users/Andy/Documents/Go/src/github.com/ferbivore/luabox/main.go:45 +0x3e6

goroutine 19 [syscall]:
os/signal.loop()
	/usr/local/go/src/os/signal/signal_unix.go:22 +0x18
created by os/signal.init.1
	/usr/local/go/src/os/signal/signal_unix.go:28 +0x37

goroutine 20 [select, locked to thread]:
runtime.gopark(0x2bca88, 0x82041bf28, 0x260a88, 0x6, 0x36318, 0x2)
	/usr/local/go/src/runtime/proc.go:185 +0x169
runtime.selectgoImpl(0x82041bf28, 0x0, 0x18)
	/usr/local/go/src/runtime/select.go:392 +0xa64
runtime.selectgo(0x82041bf28)
	/usr/local/go/src/runtime/select.go:212 +0x12
runtime.ensureSigM.func1()
	/usr/local/go/src/runtime/signal1_unix.go:190 +0x326
runtime.goexit()
	/usr/local/go/src/runtime/asm_amd64.s:1696 +0x1

goroutine 21 [select]:
github.com/nsf/termbox-go.Init.func1()
	/Users/Andy/Documents/Go/src/github.com/nsf/termbox-go/api.go:87 +0x40c
created by github.com/nsf/termbox-go.Init
	/Users/Andy/Documents/Go/src/github.com/nsf/termbox-go/api.go:106 +0x8b9

goroutine 23 [chan receive]:
main.mainloop(0x7fff5fbff922, 0xa, 0x820468300)
	/Users/Andy/Documents/Go/src/github.com/ferbivore/luabox/loop.go:52 +0xaf9
created by main.main
	/Users/Andy/Documents/Go/src/github.com/ferbivore/luabox/main.go:44 +0x3c1
